[debug] [2023-04-14T14:49:04.025Z] ----------------------------------------------------------------------
[debug] [2023-04-14T14:49:04.028Z] Command:       C:\Program Files\nodejs\node.exe C:\Users\HP\AppData\Roaming\npm\node_modules\firebase-tools\lib\bin\firebase.js init
[debug] [2023-04-14T14:49:04.029Z] CLI Version:   11.27.0
[debug] [2023-04-14T14:49:04.029Z] Platform:      win32
[debug] [2023-04-14T14:49:04.029Z] Node Version:  v18.15.0
[debug] [2023-04-14T14:49:04.031Z] Time:          Fri Apr 14 2023 15:49:04 GMT+0100 (heure normale d’Afrique de l’Ouest)
[debug] [2023-04-14T14:49:04.031Z] ----------------------------------------------------------------------
[debug] 
[debug] [2023-04-14T14:49:04.077Z] > command requires scopes: ["email","openid","https://www.googleapis.com/auth/cloudplatformprojects.readonly","https://www.googleapis.com/auth/firebase","https://www.googleapis.com/auth/cloud-platform"]
[debug] [2023-04-14T14:49:04.078Z] > authorizing via signed-in user (yvesfynt24@gmail.com)
[info] 
     ######## #### ########  ######## ########     ###     ######  ########
     ##        ##  ##     ## ##       ##     ##  ##   ##  ##       ##
     ######    ##  ########  ######   ########  #########  ######  ######
     ##        ##  ##    ##  ##       ##     ## ##     ##       ## ##
     ##       #### ##     ## ######## ########  ##     ##  ######  ########

You're about to initialize a Firebase project in this directory:

  C:\Users\HP\Desktop\GPT components\bird\bird1

[info] 
=== Project Setup
[info] 
[info] First, let's associate this project directory with a Firebase project.
[info] You can create multiple project aliases by running firebase use --add, 
[info] but for now we'll just set up a default project.
[info] 
[debug] [2023-04-14T14:52:10.573Z] >>> [apiv2][query] GET https://firebase.googleapis.com/v1beta1/projects pageSize=100
[debug] [2023-04-14T14:52:11.943Z] <<< [apiv2][status] GET https://firebase.googleapis.com/v1beta1/projects 200
[debug] [2023-04-14T14:52:11.943Z] <<< [apiv2][body] GET https://firebase.googleapis.com/v1beta1/projects [omitted]
[info] i  Using project bird-44b2f (bird) 
[info] 
=== Database Setup
[info] i  database: ensuring required API firebasedatabase.googleapis.com is enabled... 
[debug] [2023-04-14T14:52:29.407Z] >>> [apiv2][query] GET https://serviceusage.googleapis.com/v1/projects/bird-44b2f/services/firebasedatabase.googleapis.com [none]
[debug] [2023-04-14T14:52:29.407Z] >>> [apiv2][(partial)header] GET https://serviceusage.googleapis.com/v1/projects/bird-44b2f/services/firebasedatabase.googleapis.com x-goog-quota-user=projects/bird-44b2f
[debug] [2023-04-14T14:52:31.237Z] <<< [apiv2][status] GET https://serviceusage.googleapis.com/v1/projects/bird-44b2f/services/firebasedatabase.googleapis.com 200
[debug] [2023-04-14T14:52:31.238Z] <<< [apiv2][body] GET https://serviceusage.googleapis.com/v1/projects/bird-44b2f/services/firebasedatabase.googleapis.com [omitted]
[warn] !  database: missing required API firebasedatabase.googleapis.com. Enabling now... 
[debug] [2023-04-14T14:52:31.250Z] >>> [apiv2][query] POST https://serviceusage.googleapis.com/v1/projects/bird-44b2f/services/firebasedatabase.googleapis.com:enable [none]
[debug] [2023-04-14T14:52:31.251Z] >>> [apiv2][(partial)header] POST https://serviceusage.googleapis.com/v1/projects/bird-44b2f/services/firebasedatabase.googleapis.com:enable x-goog-quota-user=projects/bird-44b2f
[debug] [2023-04-14T14:52:33.106Z] <<< [apiv2][status] POST https://serviceusage.googleapis.com/v1/projects/bird-44b2f/services/firebasedatabase.googleapis.com:enable 200
[debug] [2023-04-14T14:52:33.107Z] <<< [apiv2][body] POST https://serviceusage.googleapis.com/v1/projects/bird-44b2f/services/firebasedatabase.googleapis.com:enable [omitted]
[debug] [2023-04-14T14:52:43.124Z] >>> [apiv2][query] GET https://serviceusage.googleapis.com/v1/projects/bird-44b2f/services/firebasedatabase.googleapis.com [none]
[debug] [2023-04-14T14:52:43.125Z] >>> [apiv2][(partial)header] GET https://serviceusage.googleapis.com/v1/projects/bird-44b2f/services/firebasedatabase.googleapis.com x-goog-quota-user=projects/bird-44b2f
[debug] [2023-04-14T14:52:44.543Z] <<< [apiv2][status] GET https://serviceusage.googleapis.com/v1/projects/bird-44b2f/services/firebasedatabase.googleapis.com 200
[debug] [2023-04-14T14:52:44.545Z] <<< [apiv2][body] GET https://serviceusage.googleapis.com/v1/projects/bird-44b2f/services/firebasedatabase.googleapis.com [omitted]
[info] +  database: required API firebasedatabase.googleapis.com is enabled 
[info] 
[debug] [2023-04-14T14:52:44.568Z] >>> [apiv2][query] GET https://firebase.googleapis.com/v1beta1/projects/bird-44b2f [none]
[debug] [2023-04-14T14:52:45.298Z] <<< [apiv2][status] GET https://firebase.googleapis.com/v1beta1/projects/bird-44b2f 200
[debug] [2023-04-14T14:52:45.299Z] <<< [apiv2][body] GET https://firebase.googleapis.com/v1beta1/projects/bird-44b2f {"projectId":"bird-44b2f","projectNumber":"927540171957","displayName":"bird","name":"projects/bird-44b2f","resources":{"hostingSite":"bird-44b2f"},"state":"ACTIVE","etag":"1_b03bc4e5-3bc1-43f6-8464-e8b34363ae1c"}
[debug] [2023-04-14T14:53:06.583Z] >>> [apiv2][query] POST https://firebasedatabase.googleapis.com/v1beta/projects/bird-44b2f/locations/us-central1/instances databaseId=bird-44b2f-default-rtdb&validateOnly=true
[debug] [2023-04-14T14:53:06.583Z] >>> [apiv2][body] POST https://firebasedatabase.googleapis.com/v1beta/projects/bird-44b2f/locations/us-central1/instances {"type":"default_database"}
[debug] [2023-04-14T14:53:08.338Z] <<< [apiv2][status] POST https://firebasedatabase.googleapis.com/v1beta/projects/bird-44b2f/locations/us-central1/instances 200
[debug] [2023-04-14T14:53:08.338Z] <<< [apiv2][body] POST https://firebasedatabase.googleapis.com/v1beta/projects/bird-44b2f/locations/us-central1/instances {"name":"projects/927540171957/locations/us-central1/instances/bird-44b2f-default-rtdb","project":"projects/927540171957","databaseUrl":"https://bird-44b2f-default-rtdb.firebaseio.com","type":"DEFAULT_DATABASE","state":"ACTIVE"}
[debug] [2023-04-14T14:53:08.341Z] >>> [apiv2][query] POST https://firebasedatabase.googleapis.com/v1beta/projects/bird-44b2f/locations/us-central1/instances databaseId=bird-44b2f-default-rtdb
[debug] [2023-04-14T14:53:08.341Z] >>> [apiv2][body] POST https://firebasedatabase.googleapis.com/v1beta/projects/bird-44b2f/locations/us-central1/instances {"type":"default_database"}
[debug] [2023-04-14T14:53:09.708Z] <<< [apiv2][status] POST https://firebasedatabase.googleapis.com/v1beta/projects/bird-44b2f/locations/us-central1/instances 200
[debug] [2023-04-14T14:53:09.709Z] <<< [apiv2][body] POST https://firebasedatabase.googleapis.com/v1beta/projects/bird-44b2f/locations/us-central1/instances {"name":"projects/927540171957/locations/us-central1/instances/bird-44b2f-default-rtdb","project":"projects/927540171957","databaseUrl":"https://bird-44b2f-default-rtdb.firebaseio.com","type":"DEFAULT_DATABASE","state":"ACTIVE"}
[info] 
[info] Firebase Realtime Database Security Rules allow you to define how your data should be
[info] structured and when your data can be read from and written to.
[info] 
[debug] [2023-04-14T14:53:33.028Z] >>> [apiv2][query] GET https://bird-44b2f-default-rtdb.firebaseio.com/.settings/rules.json [none]
[debug] [2023-04-14T14:53:34.483Z] <<< [apiv2][status] GET https://bird-44b2f-default-rtdb.firebaseio.com/.settings/rules.json 200
[debug] [2023-04-14T14:53:34.484Z] <<< [apiv2][body] GET https://bird-44b2f-default-rtdb.firebaseio.com/.settings/rules.json [stream]
[info] +  Database Rules for bird-44b2f-default-rtdb have been written to database.rules.json. 
[info] Future modifications to database.rules.json will update Realtime Database Security Rules when you run
[info] firebase deploy.
[info] 
=== Firestore Setup
[debug] [2023-04-14T14:53:34.507Z] >>> [apiv2][query] GET https://serviceusage.googleapis.com/v1/projects/bird-44b2f/services/firestore.googleapis.com [none]
[debug] [2023-04-14T14:53:34.508Z] >>> [apiv2][(partial)header] GET https://serviceusage.googleapis.com/v1/projects/bird-44b2f/services/firestore.googleapis.com x-goog-quota-user=projects/bird-44b2f
[debug] [2023-04-14T14:53:35.354Z] <<< [apiv2][status] GET https://serviceusage.googleapis.com/v1/projects/bird-44b2f/services/firestore.googleapis.com 200
[debug] [2023-04-14T14:53:35.354Z] <<< [apiv2][body] GET https://serviceusage.googleapis.com/v1/projects/bird-44b2f/services/firestore.googleapis.com [omitted]
[debug] [2023-04-14T14:53:35.355Z] >>> [apiv2][query] GET https://firestore.googleapis.com/v1/projects/bird-44b2f/databases/(default) [none]
[debug] [2023-04-14T14:53:36.623Z] <<< [apiv2][status] GET https://firestore.googleapis.com/v1/projects/bird-44b2f/databases/(default) 200
[debug] [2023-04-14T14:53:36.623Z] <<< [apiv2][body] GET https://firestore.googleapis.com/v1/projects/bird-44b2f/databases/(default) {"name":"projects/bird-44b2f/databases/(default)","uid":"7cce6014-2846-44a7-817e-5f41ce77d7a5","createTime":"2023-04-14T13:14:28.907752Z","updateTime":"2023-04-14T13:14:28.907752Z","locationId":"nam5","type":"FIRESTORE_NATIVE","concurrencyMode":"PESSIMISTIC","appEngineIntegrationMode":"DISABLED","keyPrefix":"s","deleteProtectionState":"DELETE_PROTECTION_DISABLED","etag":"II356fjEqf4CMLDI5Ye6qf4C"}
[debug] [2023-04-14T14:53:36.624Z] database_type: FIRESTORE_NATIVE
[debug] [2023-04-14T14:53:36.625Z] > command requires scopes: ["email","openid","https://www.googleapis.com/auth/cloudplatformprojects.readonly","https://www.googleapis.com/auth/firebase","https://www.googleapis.com/auth/cloud-platform"]
[debug] [2023-04-14T14:53:36.626Z] > authorizing via signed-in user (yvesfynt24@gmail.com)
[debug] [2023-04-14T14:53:36.627Z] [iam] checking project bird-44b2f for permissions ["firebase.projects.get"]
[debug] [2023-04-14T14:53:36.629Z] >>> [apiv2][query] POST https://cloudresourcemanager.googleapis.com/v1/projects/bird-44b2f:testIamPermissions [none]
[debug] [2023-04-14T14:53:36.630Z] >>> [apiv2][(partial)header] POST https://cloudresourcemanager.googleapis.com/v1/projects/bird-44b2f:testIamPermissions x-goog-quota-user=projects/bird-44b2f
[debug] [2023-04-14T14:53:36.630Z] >>> [apiv2][body] POST https://cloudresourcemanager.googleapis.com/v1/projects/bird-44b2f:testIamPermissions {"permissions":["firebase.projects.get"]}
[debug] [2023-04-14T14:53:37.541Z] <<< [apiv2][status] POST https://cloudresourcemanager.googleapis.com/v1/projects/bird-44b2f:testIamPermissions 200
[debug] [2023-04-14T14:53:37.542Z] <<< [apiv2][body] POST https://cloudresourcemanager.googleapis.com/v1/projects/bird-44b2f:testIamPermissions {"permissions":["firebase.projects.get"]}
[info] 
[info] Firestore Security Rules allow you to define how and when to allow
[info] requests. You can keep these rules in your project directory
[info] and publish them with firebase deploy.
[info] 
[debug] [2023-04-14T14:53:44.925Z] >>> [apiv2][query] GET https://firebaserules.googleapis.com/v1/projects/bird-44b2f/releases pageSize=10&pageToken=
[debug] [2023-04-14T14:53:46.410Z] <<< [apiv2][status] GET https://firebaserules.googleapis.com/v1/projects/bird-44b2f/releases 200
[debug] [2023-04-14T14:53:46.411Z] <<< [apiv2][body] GET https://firebaserules.googleapis.com/v1/projects/bird-44b2f/releases {"releases":[{"name":"projects/bird-44b2f/releases/cloud.firestore","rulesetName":"projects/bird-44b2f/rulesets/17eb9695-ef11-4d55-b36b-94609f5bcf7c","createTime":"2023-04-14T13:14:34.417514Z","updateTime":"2023-04-14T13:14:34.417514Z"}]}
[debug] [2023-04-14T14:53:46.412Z] Found ruleset: projects/bird-44b2f/rulesets/17eb9695-ef11-4d55-b36b-94609f5bcf7c
[debug] [2023-04-14T14:53:46.414Z] >>> [apiv2][query] GET https://firebaserules.googleapis.com/v1/projects/bird-44b2f/rulesets/17eb9695-ef11-4d55-b36b-94609f5bcf7c [none]
[debug] [2023-04-14T14:53:47.135Z] <<< [apiv2][status] GET https://firebaserules.googleapis.com/v1/projects/bird-44b2f/rulesets/17eb9695-ef11-4d55-b36b-94609f5bcf7c 200
[debug] [2023-04-14T14:53:47.135Z] <<< [apiv2][body] GET https://firebaserules.googleapis.com/v1/projects/bird-44b2f/rulesets/17eb9695-ef11-4d55-b36b-94609f5bcf7c [omitted]
[info] 
[info] Firestore indexes allow you to perform complex queries while
[info] maintaining performance that scales with the size of the result
[info] set. You can keep index definitions in your project directory
[info] and publish them with firebase deploy.
[info] 
[debug] [2023-04-14T14:53:52.238Z] >>> [apiv2][query] GET https://firestore.googleapis.com/v1/projects/bird-44b2f/databases/(default)/collectionGroups/-/indexes [none]
[debug] [2023-04-14T14:53:52.241Z] >>> [apiv2][query] GET https://firestore.googleapis.com/v1/projects/bird-44b2f/databases/(default)/collectionGroups/-/fields?filter=indexConfig.usesAncestorConfig=false OR ttlConfig:* [none]
[debug] [2023-04-14T14:53:53.502Z] <<< [apiv2][status] GET https://firestore.googleapis.com/v1/projects/bird-44b2f/databases/(default)/collectionGroups/-/indexes 200
[debug] [2023-04-14T14:53:53.503Z] <<< [apiv2][body] GET https://firestore.googleapis.com/v1/projects/bird-44b2f/databases/(default)/collectionGroups/-/indexes {}
[debug] [2023-04-14T14:53:53.528Z] <<< [apiv2][status] GET https://firestore.googleapis.com/v1/projects/bird-44b2f/databases/(default)/collectionGroups/-/fields?filter=indexConfig.usesAncestorConfig=false OR ttlConfig:* 200
[debug] [2023-04-14T14:53:53.529Z] <<< [apiv2][body] GET https://firestore.googleapis.com/v1/projects/bird-44b2f/databases/(default)/collectionGroups/-/fields?filter=indexConfig.usesAncestorConfig=false OR ttlConfig:* {"fields":[{"name":"projects/bird-44b2f/databases/(default)/collectionGroups/__default__/fields/*","indexConfig":{"indexes":[{"queryScope":"COLLECTION","fields":[{"fieldPath":"*","order":"ASCENDING"}],"state":"READY"},{"queryScope":"COLLECTION","fields":[{"fieldPath":"*","order":"DESCENDING"}],"state":"READY"},{"queryScope":"COLLECTION","fields":[{"fieldPath":"*","arrayConfig":"CONTAINS"}],"state":"READY"}]}}]}
[info] 
=== Functions Setup
[debug] [2023-04-14T14:53:53.542Z] > command requires scopes: ["email","openid","https://www.googleapis.com/auth/cloudplatformprojects.readonly","https://www.googleapis.com/auth/firebase","https://www.googleapis.com/auth/cloud-platform"]
[debug] [2023-04-14T14:53:53.544Z] > authorizing via signed-in user (yvesfynt24@gmail.com)
[debug] [2023-04-14T14:53:53.545Z] [iam] checking project bird-44b2f for permissions ["firebase.projects.get"]
[debug] [2023-04-14T14:53:53.548Z] >>> [apiv2][query] POST https://cloudresourcemanager.googleapis.com/v1/projects/bird-44b2f:testIamPermissions [none]
[debug] [2023-04-14T14:53:53.549Z] >>> [apiv2][(partial)header] POST https://cloudresourcemanager.googleapis.com/v1/projects/bird-44b2f:testIamPermissions x-goog-quota-user=projects/bird-44b2f
[debug] [2023-04-14T14:53:53.549Z] >>> [apiv2][body] POST https://cloudresourcemanager.googleapis.com/v1/projects/bird-44b2f:testIamPermissions {"permissions":["firebase.projects.get"]}
[debug] [2023-04-14T14:53:54.257Z] <<< [apiv2][status] POST https://cloudresourcemanager.googleapis.com/v1/projects/bird-44b2f:testIamPermissions 200
[debug] [2023-04-14T14:53:54.257Z] <<< [apiv2][body] POST https://cloudresourcemanager.googleapis.com/v1/projects/bird-44b2f:testIamPermissions {"permissions":["firebase.projects.get"]}
[debug] [2023-04-14T14:53:54.258Z] >>> [apiv2][query] GET https://serviceusage.googleapis.com/v1/projects/bird-44b2f/services/cloudfunctions.googleapis.com [none]
[debug] [2023-04-14T14:53:54.258Z] >>> [apiv2][(partial)header] GET https://serviceusage.googleapis.com/v1/projects/bird-44b2f/services/cloudfunctions.googleapis.com x-goog-quota-user=projects/bird-44b2f
[debug] [2023-04-14T14:53:54.262Z] >>> [apiv2][query] GET https://serviceusage.googleapis.com/v1/projects/bird-44b2f/services/runtimeconfig.googleapis.com [none]
[debug] [2023-04-14T14:53:54.262Z] >>> [apiv2][(partial)header] GET https://serviceusage.googleapis.com/v1/projects/bird-44b2f/services/runtimeconfig.googleapis.com x-goog-quota-user=projects/bird-44b2f
[debug] [2023-04-14T14:53:55.141Z] <<< [apiv2][status] GET https://serviceusage.googleapis.com/v1/projects/bird-44b2f/services/cloudfunctions.googleapis.com 200
[debug] [2023-04-14T14:53:55.141Z] <<< [apiv2][body] GET https://serviceusage.googleapis.com/v1/projects/bird-44b2f/services/cloudfunctions.googleapis.com [omitted]
[debug] [2023-04-14T14:53:55.144Z] >>> [apiv2][query] POST https://serviceusage.googleapis.com/v1/projects/bird-44b2f/services/cloudfunctions.googleapis.com:enable [none]
[debug] [2023-04-14T14:53:55.144Z] >>> [apiv2][(partial)header] POST https://serviceusage.googleapis.com/v1/projects/bird-44b2f/services/cloudfunctions.googleapis.com:enable x-goog-quota-user=projects/bird-44b2f
[debug] [2023-04-14T14:53:55.651Z] <<< [apiv2][status] GET https://serviceusage.googleapis.com/v1/projects/bird-44b2f/services/runtimeconfig.googleapis.com 200
[debug] [2023-04-14T14:53:55.652Z] <<< [apiv2][body] GET https://serviceusage.googleapis.com/v1/projects/bird-44b2f/services/runtimeconfig.googleapis.com [omitted]
[debug] [2023-04-14T14:53:57.143Z] <<< [apiv2][status] POST https://serviceusage.googleapis.com/v1/projects/bird-44b2f/services/cloudfunctions.googleapis.com:enable 200
[debug] [2023-04-14T14:53:57.143Z] <<< [apiv2][body] POST https://serviceusage.googleapis.com/v1/projects/bird-44b2f/services/cloudfunctions.googleapis.com:enable [omitted]
[debug] [2023-04-14T14:54:07.147Z] >>> [apiv2][query] GET https://serviceusage.googleapis.com/v1/projects/bird-44b2f/services/cloudfunctions.googleapis.com [none]
[debug] [2023-04-14T14:54:07.147Z] >>> [apiv2][(partial)header] GET https://serviceusage.googleapis.com/v1/projects/bird-44b2f/services/cloudfunctions.googleapis.com x-goog-quota-user=projects/bird-44b2f
[debug] [2023-04-14T14:54:08.536Z] <<< [apiv2][status] GET https://serviceusage.googleapis.com/v1/projects/bird-44b2f/services/cloudfunctions.googleapis.com 200
[debug] [2023-04-14T14:54:08.537Z] <<< [apiv2][body] GET https://serviceusage.googleapis.com/v1/projects/bird-44b2f/services/cloudfunctions.googleapis.com [omitted]
[info] Let's create a new codebase for your functions.
[info] A directory corresponding to the codebase will be created in your project
[info] with sample code pre-configured.

[info] See https://firebase.google.com/docs/functions/organize-functions for
[info] more information on organizing your functions using codebases.

[info] Functions can be deployed with firebase deploy.

[info] +  Wrote functions/package.json 
[info] +  Wrote functions/index.js 
[info] +  Wrote functions/.gitignore 
[info] 
=== Hosting Setup
[info] 
[info] Your public directory is the folder (relative to your project directory) that
[info] will contain Hosting assets to be uploaded with firebase deploy. If you
[info] have a build process for your assets, use your build's output directory.
[info] 
[debug] [2023-04-14T14:59:16.998Z] >>> [apiv2][query] GET https://www.gstatic.com/firebasejs/releases.json [none]
[debug] [2023-04-14T14:59:17.621Z] <<< [apiv2][status] GET https://www.gstatic.com/firebasejs/releases.json 200
[debug] [2023-04-14T14:59:17.621Z] <<< [apiv2][body] GET https://www.gstatic.com/firebasejs/releases.json {"current":{"version":"9.19.1","browserURL":"https://www.gstatic.com/firebasejs/9.19.1/firebase.js","packageURL":"https://www.gstatic.com/firebasejs/9.19.1/firebase.tgz"},"live":{"version":"9.19","browserURL":"https://www.gstatic.com/firebasejs/live/9.19/firebase.js","packageURL":"https://www.gstatic.com/firebasejs/live/9.19/firebase.tgz"},"components":{"analytics":"https://www.gstatic.com/firebasejs/9.19.1/firebase-analytics.js","app":"https://www.gstatic.com/firebasejs/9.19.1/firebase-app.js","app-check":"https://www.gstatic.com/firebasejs/9.19.1/firebase-app-check.js","auth":"https://www.gstatic.com/firebasejs/9.19.1/firebase-auth.js","auth/cordova":"https://www.gstatic.com/firebasejs/9.19.1/firebase-auth/cordova.js","auth/react-native":"https://www.gstatic.com/firebasejs/9.19.1/firebase-auth/react-native.js","functions":"https://www.gstatic.com/firebasejs/9.19.1/firebase-functions.js","firestore":"https://www.gstatic.com/firebasejs/9.19.1/firebase-firestore.js","firestore/lite":"https://www.gstatic.com/firebasejs/9.19.1/firebase-firestore/lite.js","installations":"https://www.gstatic.com/firebasejs/9.19.1/firebase-installations.js","storage":"https://www.gstatic.com/firebasejs/9.19.1/firebase-storage.js","performance":"https://www.gstatic.com/firebasejs/9.19.1/firebase-performance.js","remote-config":"https://www.gstatic.com/firebasejs/9.19.1/firebase-remote-config.js","messaging":"https://www.gstatic.com/firebasejs/9.19.1/firebase-messaging.js","messaging/sw":"https://www.gstatic.com/firebasejs/9.19.1/firebase-messaging/sw.js","database":"https://www.gstatic.com/firebasejs/9.19.1/firebase-database.js","firestore.memory":"https://www.gstatic.com/firebasejs/9.19.1/firebase-firestore.memory.js"}}
[info] i  Skipping write of public/index.html 
[info] 
[info] i  Detected a .git folder at C:\Users\HP\Desktop\GPT components\bird\bird1 
[info] i  Authorizing with GitHub to upload your service account to a GitHub repository's secrets store. 
[info] 
[info] Visit this URL on this device to log in:
[info] https://github.com/login/oauth/authorize?client_id=89cf50f02ac6aaed3484&state=894266792&redirect_uri=http%3A%2F%2Flocalhost%3A9005&scope=read%3Auser%20repo%20public_repo
[info] 
[info] Waiting for authentication...
[debug] [2023-04-14T15:02:25.690Z] >>> [apiv2][query] POST https://github.com/login/oauth/access_token [none]
[debug] [2023-04-14T15:02:25.691Z] >>> [apiv2][body] POST https://github.com/login/oauth/access_token [stream]
[debug] [2023-04-14T15:02:26.524Z] <<< [apiv2][status] POST https://github.com/login/oauth/access_token 200
[debug] [2023-04-14T15:02:26.528Z] <<< [apiv2][body] POST https://github.com/login/oauth/access_token {"access_token":"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","token_type":"bearer","scope":"read:user,repo"}
[debug] [2023-04-14T15:02:26.639Z] >>> [apiv2][query] GET https://api.github.com/user [none]
[debug] [2023-04-14T15:02:27.372Z] <<< [apiv2][status] GET https://api.github.com/user 200
[debug] [2023-04-14T15:02:27.372Z] <<< [apiv2][body] GET https://api.github.com/user {"login":"ShaDow0610","id":105458208,"node_id":"U_kgDOBkkqIA","avatar_url":"https://avatars.githubusercontent.com/u/105458208?v=4","gravatar_id":"","url":"https://api.github.com/users/ShaDow0610","html_url":"https://github.com/ShaDow0610","followers_url":"https://api.github.com/users/ShaDow0610/followers","following_url":"https://api.github.com/users/ShaDow0610/following{/other_user}","gists_url":"https://api.github.com/users/ShaDow0610/gists{/gist_id}","starred_url":"https://api.github.com/users/ShaDow0610/starred{/owner}{/repo}","subscriptions_url":"https://api.github.com/users/ShaDow0610/subscriptions","organizations_url":"https://api.github.com/users/ShaDow0610/orgs","repos_url":"https://api.github.com/users/ShaDow0610/repos","events_url":"https://api.github.com/users/ShaDow0610/events{/privacy}","received_events_url":"https://api.github.com/users/ShaDow0610/received_events","type":"User","site_admin":false,"name":null,"company":null,"blog":"","location":null,"email":null,"hireable":null,"bio":null,"twitter_username":null,"public_repos":2,"public_gists":0,"followers":1,"following":1,"created_at":"2022-05-12T19:43:44Z","updated_at":"2023-03-09T19:28:57Z","private_gists":0,"total_private_repos":0,"owned_private_repos":0,"disk_usage":17202,"collaborators":0,"two_factor_authentication":false,"plan":{"name":"free","space":976562499,"collaborators":0,"private_repos":10000}}
[info] 
[info] +  Success! Logged into GitHub as ShaDow0610 
[info] 
[debug] [2023-04-14T15:02:48.653Z] >>> [apiv2][query] GET https://api.github.com/repos//actions/secrets/public-key type=owner
[debug] [2023-04-14T15:02:49.420Z] <<< [apiv2][status] GET https://api.github.com/repos//actions/secrets/public-key 404
[debug] [2023-04-14T15:02:49.420Z] <<< [apiv2][body] GET https://api.github.com/repos//actions/secrets/public-key {"message":"Not Found","documentation_url":"https://docs.github.com/rest"}
[info] 
[info] 
[error] !  The provided authorization cannot be used with this repository. If this repository is in an organization, did you remember to grant access? 
[info] 
[info] i  Action required: Visit this URL to ensure access has been granted to the appropriate organization(s) for the Firebase CLI GitHub OAuth App: 
[info] https://github.com/settings/connections/applications/89cf50f02ac6aaed3484
[info] 
[debug] [2023-04-14T15:02:54.492Z] >>> [apiv2][query] GET https://api.github.com/repos//actions/secrets/public-key type=owner
[debug] [2023-04-14T15:02:55.169Z] <<< [apiv2][status] GET https://api.github.com/repos//actions/secrets/public-key 404
[debug] [2023-04-14T15:02:55.169Z] <<< [apiv2][body] GET https://api.github.com/repos//actions/secrets/public-key {"message":"Not Found","documentation_url":"https://docs.github.com/rest"}
[info] 
[info] 
[error] !  The provided authorization cannot be used with this repository. If this repository is in an organization, did you remember to grant access? 
[info] 
[info] i  Action required: Visit this URL to ensure access has been granted to the appropriate organization(s) for the Firebase CLI GitHub OAuth App: 
[info] https://github.com/settings/connections/applications/89cf50f02ac6aaed3484
[info] 
[debug] [2023-04-14T15:03:00.357Z] >>> [apiv2][query] GET https://api.github.com/repos//actions/secrets/public-key type=owner
[debug] [2023-04-14T15:03:01.015Z] <<< [apiv2][status] GET https://api.github.com/repos//actions/secrets/public-key 404
[debug] [2023-04-14T15:03:01.015Z] <<< [apiv2][body] GET https://api.github.com/repos//actions/secrets/public-key {"message":"Not Found","documentation_url":"https://docs.github.com/rest"}
[info] 
[info] 
[error] !  The provided authorization cannot be used with this repository. If this repository is in an organization, did you remember to grant access? 
[info] 
[info] i  Action required: Visit this URL to ensure access has been granted to the appropriate organization(s) for the Firebase CLI GitHub OAuth App: 
[info] https://github.com/settings/connections/applications/89cf50f02ac6aaed3484
[info] 
[debug] [2023-04-14T15:03:01.762Z] >>> [apiv2][query] GET https://api.github.com/repos//actions/secrets/public-key type=owner
[debug] [2023-04-14T15:03:02.398Z] <<< [apiv2][status] GET https://api.github.com/repos//actions/secrets/public-key 404
[debug] [2023-04-14T15:03:02.398Z] <<< [apiv2][body] GET https://api.github.com/repos//actions/secrets/public-key {"message":"Not Found","documentation_url":"https://docs.github.com/rest"}
[info] 
[info] 
[error] !  The provided authorization cannot be used with this repository. If this repository is in an organization, did you remember to grant access? 
[info] 
[info] i  Action required: Visit this URL to ensure access has been granted to the appropriate organization(s) for the Firebase CLI GitHub OAuth App: 
[info] https://github.com/settings/connections/applications/89cf50f02ac6aaed3484
[info] 
[debug] [2023-04-14T15:03:02.807Z] >>> [apiv2][query] GET https://api.github.com/repos//actions/secrets/public-key type=owner
[debug] [2023-04-14T15:03:03.507Z] <<< [apiv2][status] GET https://api.github.com/repos//actions/secrets/public-key 404
[debug] [2023-04-14T15:03:03.507Z] <<< [apiv2][body] GET https://api.github.com/repos//actions/secrets/public-key {"message":"Not Found","documentation_url":"https://docs.github.com/rest"}
[info] 
[info] 
[error] !  The provided authorization cannot be used with this repository. If this repository is in an organization, did you remember to grant access? 
[info] 
[info] i  Action required: Visit this URL to ensure access has been granted to the appropriate organization(s) for the Firebase CLI GitHub OAuth App: 
[info] https://github.com/settings/connections/applications/89cf50f02ac6aaed3484
[info] 
[debug] [2023-04-14T15:03:05.851Z] >>> [apiv2][query] GET https://api.github.com/repos//actions/secrets/public-key type=owner
[debug] [2023-04-14T15:03:06.535Z] <<< [apiv2][status] GET https://api.github.com/repos//actions/secrets/public-key 404
[debug] [2023-04-14T15:03:06.536Z] <<< [apiv2][body] GET https://api.github.com/repos//actions/secrets/public-key {"message":"Not Found","documentation_url":"https://docs.github.com/rest"}
[info] 
[info] 
[error] !  The provided authorization cannot be used with this repository. If this repository is in an organization, did you remember to grant access? 
[info] 
[info] i  Action required: Visit this URL to ensure access has been granted to the appropriate organization(s) for the Firebase CLI GitHub OAuth App: 
[info] https://github.com/settings/connections/applications/89cf50f02ac6aaed3484
[info] 
[debug] [2023-04-14T15:03:31.137Z] >>> [apiv2][query] GET https://api.github.com/repos/bird/actions/secrets/public-key type=owner
[debug] [2023-04-14T15:03:31.878Z] <<< [apiv2][status] GET https://api.github.com/repos/bird/actions/secrets/public-key 404
[debug] [2023-04-14T15:03:31.879Z] <<< [apiv2][body] GET https://api.github.com/repos/bird/actions/secrets/public-key {"message":"Not Found","documentation_url":"https://docs.github.com/rest"}
[info] 
[info] 
[error] !  The provided authorization cannot be used with this repository. If this repository is in an organization, did you remember to grant access? 
[info] 
[info] i  Action required: Visit this URL to ensure access has been granted to the appropriate organization(s) for the Firebase CLI GitHub OAuth App: 
[info] https://github.com/settings/connections/applications/89cf50f02ac6aaed3484
[info] 
[debug] [2023-04-14T15:03:36.021Z] >>> [apiv2][query] GET https://api.github.com/repos/bird/actions/secrets/public-key type=owner
[debug] [2023-04-14T15:03:36.676Z] <<< [apiv2][status] GET https://api.github.com/repos/bird/actions/secrets/public-key 404
[debug] [2023-04-14T15:03:36.677Z] <<< [apiv2][body] GET https://api.github.com/repos/bird/actions/secrets/public-key {"message":"Not Found","documentation_url":"https://docs.github.com/rest"}
[info] 
[info] 
[error] !  The provided authorization cannot be used with this repository. If this repository is in an organization, did you remember to grant access? 
[info] 
[info] i  Action required: Visit this URL to ensure access has been granted to the appropriate organization(s) for the Firebase CLI GitHub OAuth App: 
[info] https://github.com/settings/connections/applications/89cf50f02ac6aaed3484
[info] 
[debug] [2023-04-14T15:04:34.847Z] >>> [apiv2][query] GET https://api.github.com/repos/bird/actions/secrets/public-key type=owner
[debug] [2023-04-14T15:04:35.514Z] <<< [apiv2][status] GET https://api.github.com/repos/bird/actions/secrets/public-key 401
[debug] [2023-04-14T15:04:35.515Z] <<< [apiv2][body] GET https://api.github.com/repos/bird/actions/secrets/public-key {"message":"Bad credentials","documentation_url":"https://docs.github.com/rest"}
[debug] [2023-04-14T15:04:37.194Z] >>> [apiv2][query] GET https://api.github.com/repos/bird/actions/secrets/public-key type=owner
[debug] [2023-04-14T15:04:37.831Z] <<< [apiv2][status] GET https://api.github.com/repos/bird/actions/secrets/public-key 401
[debug] [2023-04-14T15:04:37.831Z] <<< [apiv2][body] GET https://api.github.com/repos/bird/actions/secrets/public-key {"message":"Bad credentials","documentation_url":"https://docs.github.com/rest"}
[debug] [2023-04-14T15:04:38.535Z] >>> [apiv2][query] GET https://api.github.com/repos/bird/actions/secrets/public-key type=owner
[debug] [2023-04-14T15:04:38.699Z] >>> [apiv2][query] GET https://api.github.com/repos//actions/secrets/public-key type=owner
[debug] [2023-04-14T15:04:38.862Z] >>> [apiv2][query] GET https://api.github.com/repos//actions/secrets/public-key type=owner
[debug] [2023-04-14T15:04:39.011Z] >>> [apiv2][query] GET https://api.github.com/repos//actions/secrets/public-key type=owner
[debug] [2023-04-14T15:04:39.204Z] <<< [apiv2][status] GET https://api.github.com/repos/bird/actions/secrets/public-key 401
[debug] [2023-04-14T15:04:39.204Z] <<< [apiv2][body] GET https://api.github.com/repos/bird/actions/secrets/public-key {"message":"Bad credentials","documentation_url":"https://docs.github.com/rest"}
[debug] [2023-04-14T15:04:39.220Z] >>> [apiv2][query] GET https://api.github.com/repos/bird/actions/secrets/public-key type=owner
[debug] [2023-04-14T15:04:39.348Z] <<< [apiv2][status] GET https://api.github.com/repos//actions/secrets/public-key 401
[debug] [2023-04-14T15:04:39.348Z] <<< [apiv2][body] GET https://api.github.com/repos//actions/secrets/public-key {"message":"Bad credentials","documentation_url":"https://docs.github.com/rest"}
[debug] [2023-04-14T15:04:39.540Z] <<< [apiv2][status] GET https://api.github.com/repos//actions/secrets/public-key 401
[debug] [2023-04-14T15:04:39.540Z] <<< [apiv2][body] GET https://api.github.com/repos//actions/secrets/public-key {"message":"Bad credentials","documentation_url":"https://docs.github.com/rest"}
[debug] [2023-04-14T15:04:39.669Z] <<< [apiv2][status] GET https://api.github.com/repos//actions/secrets/public-key 401
[debug] [2023-04-14T15:04:39.669Z] <<< [apiv2][body] GET https://api.github.com/repos//actions/secrets/public-key {"message":"Bad credentials","documentation_url":"https://docs.github.com/rest"}
[debug] [2023-04-14T15:04:39.818Z] >>> [apiv2][query] GET https://api.github.com/repos//actions/secrets/public-key type=owner
[debug] [2023-04-14T15:04:39.950Z] <<< [apiv2][status] GET https://api.github.com/repos/bird/actions/secrets/public-key 401
[debug] [2023-04-14T15:04:39.951Z] <<< [apiv2][body] GET https://api.github.com/repos/bird/actions/secrets/public-key {"message":"Bad credentials","documentation_url":"https://docs.github.com/rest"}
[debug] [2023-04-14T15:04:39.989Z] >>> [apiv2][query] GET https://api.github.com/repos/bird/actions/secrets/public-key type=owner
[debug] [2023-04-14T15:04:40.160Z] >>> [apiv2][query] GET https://api.github.com/repos//actions/secrets/public-key type=owner
[debug] [2023-04-14T15:04:40.757Z] <<< [apiv2][status] GET https://api.github.com/repos/bird/actions/secrets/public-key 401
[debug] [2023-04-14T15:04:40.757Z] <<< [apiv2][body] GET https://api.github.com/repos/bird/actions/secrets/public-key {"message":"Bad credentials","documentation_url":"https://docs.github.com/rest"}
[debug] [2023-04-14T15:04:41.523Z] <<< [apiv2][status] GET https://api.github.com/repos//actions/secrets/public-key 401
[debug] [2023-04-14T15:04:41.523Z] <<< [apiv2][body] GET https://api.github.com/repos//actions/secrets/public-key {"message":"Bad credentials","documentation_url":"https://docs.github.com/rest"}
[debug] [2023-04-14T15:04:41.998Z] <<< [apiv2][status] GET https://api.github.com/repos//actions/secrets/public-key 401
[debug] [2023-04-14T15:04:41.998Z] <<< [apiv2][body] GET https://api.github.com/repos//actions/secrets/public-key {"message":"Bad credentials","documentation_url":"https://docs.github.com/rest"}
[debug] [2023-04-14T15:04:42.433Z] >>> [apiv2][query] GET https://api.github.com/repos//actions/secrets/public-key type=owner
[debug] [2023-04-14T15:04:43.131Z] <<< [apiv2][status] GET https://api.github.com/repos//actions/secrets/public-key 401
[debug] [2023-04-14T15:04:43.131Z] <<< [apiv2][body] GET https://api.github.com/repos//actions/secrets/public-key {"message":"Bad credentials","documentation_url":"https://docs.github.com/rest"}
[debug] [2023-04-14T15:06:54.085Z] >>> [apiv2][query] GET https://api.github.com/repos//actions/secrets/public-key type=owner
[debug] [2023-04-14T15:06:54.703Z] <<< [apiv2][status] GET https://api.github.com/repos//actions/secrets/public-key 401
[debug] [2023-04-14T15:06:54.703Z] <<< [apiv2][body] GET https://api.github.com/repos//actions/secrets/public-key {"message":"Bad credentials","documentation_url":"https://docs.github.com/rest"}
[debug] [2023-04-14T15:06:59.031Z] >>> [apiv2][query] GET https://api.github.com/repos/bird\/actions/secrets/public-key type=owner
[debug] [2023-04-14T15:06:59.652Z] <<< [apiv2][status] GET https://api.github.com/repos/bird\/actions/secrets/public-key 401
[debug] [2023-04-14T15:06:59.652Z] <<< [apiv2][body] GET https://api.github.com/repos/bird\/actions/secrets/public-key {"message":"Bad credentials","documentation_url":"https://docs.github.com/rest"}
[debug] [2023-04-14T15:07:02.990Z] >>> [apiv2][query] GET https://api.github.com/repos/bird/actions/secrets/public-key type=owner
[debug] [2023-04-14T15:07:03.675Z] <<< [apiv2][status] GET https://api.github.com/repos/bird/actions/secrets/public-key 401
[debug] [2023-04-14T15:07:03.675Z] <<< [apiv2][body] GET https://api.github.com/repos/bird/actions/secrets/public-key {"message":"Bad credentials","documentation_url":"https://docs.github.com/rest"}
[debug] [2023-04-14T15:07:04.874Z] >>> [apiv2][query] GET https://api.github.com/repos/bird/actions/secrets/public-key type=owner
[debug] [2023-04-14T15:07:05.648Z] <<< [apiv2][status] GET https://api.github.com/repos/bird/actions/secrets/public-key 401
[debug] [2023-04-14T15:07:05.648Z] <<< [apiv2][body] GET https://api.github.com/repos/bird/actions/secrets/public-key {"message":"Bad credentials","documentation_url":"https://docs.github.com/rest"}
[debug] [2023-04-14T15:07:06.190Z] >>> [apiv2][query] GET https://api.github.com/repos/bird/actions/secrets/public-key type=owner
[debug] [2023-04-14T15:07:06.707Z] >>> [apiv2][query] GET https://api.github.com/repos//actions/secrets/public-key type=owner
[debug] [2023-04-14T15:07:06.732Z] >>> [apiv2][query] GET https://api.github.com/repos//actions/secrets/public-key type=owner
[debug] [2023-04-14T15:07:06.763Z] >>> [apiv2][query] GET https://api.github.com/repos//actions/secrets/public-key type=owner
[debug] [2023-04-14T15:07:06.799Z] >>> [apiv2][query] GET https://api.github.com/repos//actions/secrets/public-key type=owner
[debug] [2023-04-14T15:07:06.830Z] >>> [apiv2][query] GET https://api.github.com/repos//actions/secrets/public-key type=owner
[debug] [2023-04-14T15:07:06.860Z] >>> [apiv2][query] GET https://api.github.com/repos//actions/secrets/public-key type=owner
[debug] [2023-04-14T15:07:06.889Z] >>> [apiv2][query] GET https://api.github.com/repos//actions/secrets/public-key type=owner
[debug] [2023-04-14T15:07:06.921Z] >>> [apiv2][query] GET https://api.github.com/repos//actions/secrets/public-key type=owner
[debug] [2023-04-14T15:07:06.950Z] >>> [apiv2][query] GET https://api.github.com/repos//actions/secrets/public-key type=owner
[debug] [2023-04-14T15:07:06.980Z] >>> [apiv2][query] GET https://api.github.com/repos//actions/secrets/public-key type=owner
[debug] [2023-04-14T15:07:07.010Z] >>> [apiv2][query] GET https://api.github.com/repos//actions/secrets/public-key type=owner
[debug] [2023-04-14T15:07:07.020Z] <<< [apiv2][status] GET https://api.github.com/repos/bird/actions/secrets/public-key 401
[debug] [2023-04-14T15:07:07.020Z] <<< [apiv2][body] GET https://api.github.com/repos/bird/actions/secrets/public-key {"message":"Bad credentials","documentation_url":"https://docs.github.com/rest"}
[debug] [2023-04-14T15:07:07.042Z] >>> [apiv2][query] GET https://api.github.com/repos/bird/actions/secrets/public-key type=owner
[debug] [2023-04-14T15:07:07.071Z] >>> [apiv2][query] GET https://api.github.com/repos//actions/secrets/public-key type=owner
[debug] [2023-04-14T15:07:07.101Z] >>> [apiv2][query] GET https://api.github.com/repos//actions/secrets/public-key type=owner
[debug] [2023-04-14T15:07:07.132Z] >>> [apiv2][query] GET https://api.github.com/repos//actions/secrets/public-key type=owner
[debug] [2023-04-14T15:07:07.162Z] >>> [apiv2][query] GET https://api.github.com/repos//actions/secrets/public-key type=owner
[debug] [2023-04-14T15:07:07.196Z] >>> [apiv2][query] GET https://api.github.com/repos//actions/secrets/public-key type=owner
[debug] [2023-04-14T15:07:07.225Z] >>> [apiv2][query] GET https://api.github.com/repos//actions/secrets/public-key type=owner
[debug] [2023-04-14T15:07:07.257Z] >>> [apiv2][query] GET https://api.github.com/repos//actions/secrets/public-key type=owner
[debug] [2023-04-14T15:07:07.290Z] >>> [apiv2][query] GET https://api.github.com/repos//actions/secrets/public-key type=owner
[debug] [2023-04-14T15:07:07.321Z] >>> [apiv2][query] GET https://api.github.com/repos//actions/secrets/public-key type=owner
[debug] [2023-04-14T15:07:07.352Z] >>> [apiv2][query] GET https://api.github.com/repos//actions/secrets/public-key type=owner
[debug] [2023-04-14T15:07:07.383Z] >>> [apiv2][query] GET https://api.github.com/repos//actions/secrets/public-key type=owner
[debug] [2023-04-14T15:07:07.411Z] >>> [apiv2][query] GET https://api.github.com/repos//actions/secrets/public-key type=owner
[debug] [2023-04-14T15:07:07.443Z] >>> [apiv2][query] GET https://api.github.com/repos//actions/secrets/public-key type=owner
[debug] [2023-04-14T15:07:07.473Z] >>> [apiv2][query] GET https://api.github.com/repos//actions/secrets/public-key type=owner
[debug] [2023-04-14T15:07:07.508Z] <<< [apiv2][status] GET https://api.github.com/repos//actions/secrets/public-key 401
[debug] [2023-04-14T15:07:07.508Z] <<< [apiv2][body] GET https://api.github.com/repos//actions/secrets/public-key {"message":"Bad credentials","documentation_url":"https://docs.github.com/rest"}
[debug] [2023-04-14T15:07:07.513Z] >>> [apiv2][query] GET https://api.github.com/repos//actions/secrets/public-key type=owner
[debug] [2023-04-14T15:07:07.533Z] >>> [apiv2][query] GET https://api.github.com/repos//actions/secrets/public-key type=owner
[debug] [2023-04-14T15:07:07.564Z] >>> [apiv2][query] GET https://api.github.com/repos//actions/secrets/public-key type=owner
[debug] [2023-04-14T15:07:07.595Z] >>> [apiv2][query] GET https://api.github.com/repos//actions/secrets/public-key type=owner
[debug] [2023-04-14T15:07:07.625Z] >>> [apiv2][query] GET https://api.github.com/repos//actions/secrets/public-key type=owner
[debug] [2023-04-14T15:07:07.653Z] <<< [apiv2][status] GET https://api.github.com/repos//actions/secrets/public-key 401
[debug] [2023-04-14T15:07:07.653Z] <<< [apiv2][body] GET https://api.github.com/repos//actions/secrets/public-key {"message":"Bad credentials","documentation_url":"https://docs.github.com/rest"}
[debug] [2023-04-14T15:07:07.665Z] <<< [apiv2][status] GET https://api.github.com/repos//actions/secrets/public-key 401
[debug] [2023-04-14T15:07:07.666Z] <<< [apiv2][body] GET https://api.github.com/repos//actions/secrets/public-key {"message":"Bad credentials","documentation_url":"https://docs.github.com/rest"}
[debug] [2023-04-14T15:07:07.669Z] <<< [apiv2][status] GET https://api.github.com/repos//actions/secrets/public-key 401
[debug] [2023-04-14T15:07:07.669Z] <<< [apiv2][body] GET https://api.github.com/repos//actions/secrets/public-key {"message":"Bad credentials","documentation_url":"https://docs.github.com/rest"}
[debug] [2023-04-14T15:07:07.671Z] <<< [apiv2][status] GET https://api.github.com/repos//actions/secrets/public-key 401
[debug] [2023-04-14T15:07:07.672Z] <<< [apiv2][body] GET https://api.github.com/repos//actions/secrets/public-key {"message":"Bad credentials","documentation_url":"https://docs.github.com/rest"}
[debug] [2023-04-14T15:07:07.677Z] <<< [apiv2][status] GET https://api.github.com/repos//actions/secrets/public-key 401
[debug] [2023-04-14T15:07:07.677Z] <<< [apiv2][body] GET https://api.github.com/repos//actions/secrets/public-key {"message":"Bad credentials","documentation_url":"https://docs.github.com/rest"}
[debug] [2023-04-14T15:07:07.680Z] >>> [apiv2][query] GET https://api.github.com/repos//actions/secrets/public-key type=owner
[debug] [2023-04-14T15:07:07.687Z] <<< [apiv2][status] GET https://api.github.com/repos//actions/secrets/public-key 401
[debug] [2023-04-14T15:07:07.687Z] <<< [apiv2][body] GET https://api.github.com/repos//actions/secrets/public-key {"message":"Bad credentials","documentation_url":"https://docs.github.com/rest"}
[debug] [2023-04-14T15:07:07.700Z] >>> [apiv2][query] GET https://api.github.com/repos//actions/secrets/public-key type=owner
[debug] [2023-04-14T15:07:07.729Z] >>> [apiv2][query] GET https://api.github.com/repos//actions/secrets/public-key type=owner
[debug] [2023-04-14T15:07:07.750Z] >>> [apiv2][query] GET https://api.github.com/repos//actions/secrets/public-key type=owner
[debug] [2023-04-14T15:07:07.770Z] <<< [apiv2][status] GET https://api.github.com/repos//actions/secrets/public-key 401
[debug] [2023-04-14T15:07:07.771Z] <<< [apiv2][body] GET https://api.github.com/repos//actions/secrets/public-key {"message":"Bad credentials","documentation_url":"https://docs.github.com/rest"}
[debug] [2023-04-14T15:07:07.776Z] <<< [apiv2][status] GET https://api.github.com/repos//actions/secrets/public-key 401
[debug] [2023-04-14T15:07:07.776Z] <<< [apiv2][body] GET https://api.github.com/repos//actions/secrets/public-key {"message":"Bad credentials","documentation_url":"https://docs.github.com/rest"}
[debug] [2023-04-14T15:07:07.783Z] >>> [apiv2][query] GET https://api.github.com/repos//actions/secrets/public-key type=owner
[debug] [2023-04-14T15:07:07.797Z] <<< [apiv2][status] GET https://api.github.com/repos//actions/secrets/public-key 401
[debug] [2023-04-14T15:07:07.797Z] <<< [apiv2][body] GET https://api.github.com/repos//actions/secrets/public-key {"message":"Bad credentials","documentation_url":"https://docs.github.com/rest"}
[debug] [2023-04-14T15:07:07.801Z] <<< [apiv2][status] GET https://api.github.com/repos//actions/secrets/public-key 401
[debug] [2023-04-14T15:07:07.801Z] <<< [apiv2][body] GET https://api.github.com/repos//actions/secrets/public-key {"message":"Bad credentials","documentation_url":"https://docs.github.com/rest"}
[debug] [2023-04-14T15:07:07.831Z] >>> [apiv2][query] GET https://api.github.com/repos//actions/secrets/public-key type=owner
[debug] [2023-04-14T15:07:07.852Z] >>> [apiv2][query] GET https://api.github.com/repos//actions/secrets/public-key type=owner
[debug] [2023-04-14T15:07:07.897Z] >>> [apiv2][query] GET https://api.github.com/repos//actions/secrets/public-key type=owner
[debug] [2023-04-14T15:07:07.930Z] <<< [apiv2][status] GET https://api.github.com/repos/bird/actions/secrets/public-key 401
[debug] [2023-04-14T15:07:07.930Z] <<< [apiv2][body] GET https://api.github.com/repos/bird/actions/secrets/public-key {"message":"Bad credentials","documentation_url":"https://docs.github.com/rest"}
[debug] [2023-04-14T15:07:07.964Z] <<< [apiv2][status] GET https://api.github.com/repos//actions/secrets/public-key 401
[debug] [2023-04-14T15:07:07.964Z] <<< [apiv2][body] GET https://api.github.com/repos//actions/secrets/public-key {"message":"Bad credentials","documentation_url":"https://docs.github.com/rest"}
[debug] [2023-04-14T15:07:07.969Z] <<< [apiv2][status] GET https://api.github.com/repos//actions/secrets/public-key 401
[debug] [2023-04-14T15:07:07.969Z] <<< [apiv2][body] GET https://api.github.com/repos//actions/secrets/public-key {"message":"Bad credentials","documentation_url":"https://docs.github.com/rest"}
[debug] [2023-04-14T15:07:07.974Z] >>> [apiv2][query] GET https://api.github.com/repos/bird/actions/secrets/public-key type=owner
[debug] [2023-04-14T15:07:07.978Z] >>> [apiv2][query] GET https://api.github.com/repos//actions/secrets/public-key type=owner
[debug] [2023-04-14T15:07:07.982Z] >>> [apiv2][query] GET https://api.github.com/repos//actions/secrets/public-key type=owner
[debug] [2023-04-14T15:07:07.985Z] <<< [apiv2][status] GET https://api.github.com/repos//actions/secrets/public-key 401
[debug] [2023-04-14T15:07:07.985Z] <<< [apiv2][body] GET https://api.github.com/repos//actions/secrets/public-key {"message":"Bad credentials","documentation_url":"https://docs.github.com/rest"}
[debug] [2023-04-14T15:07:07.988Z] <<< [apiv2][status] GET https://api.github.com/repos//actions/secrets/public-key 401
[debug] [2023-04-14T15:07:07.988Z] <<< [apiv2][body] GET https://api.github.com/repos//actions/secrets/public-key {"message":"Bad credentials","documentation_url":"https://docs.github.com/rest"}
[debug] [2023-04-14T15:07:08.004Z] <<< [apiv2][status] GET https://api.github.com/repos//actions/secrets/public-key 401
[debug] [2023-04-14T15:07:08.004Z] <<< [apiv2][body] GET https://api.github.com/repos//actions/secrets/public-key {"message":"Bad credentials","documentation_url":"https://docs.github.com/rest"}
[debug] [2023-04-14T15:07:08.010Z] >>> [apiv2][query] GET https://api.github.com/repos//actions/secrets/public-key type=owner
[debug] [2023-04-14T15:07:08.032Z] <<< [apiv2][status] GET https://api.github.com/repos//actions/secrets/public-key 401
[debug] [2023-04-14T15:07:08.032Z] <<< [apiv2][body] GET https://api.github.com/repos//actions/secrets/public-key {"message":"Bad credentials","documentation_url":"https://docs.github.com/rest"}
[debug] [2023-04-14T15:07:08.035Z] <<< [apiv2][status] GET https://api.github.com/repos//actions/secrets/public-key 401
[debug] [2023-04-14T15:07:08.035Z] <<< [apiv2][body] GET https://api.github.com/repos//actions/secrets/public-key {"message":"Bad credentials","documentation_url":"https://docs.github.com/rest"}
[debug] [2023-04-14T15:07:08.036Z] >>> [apiv2][query] GET https://api.github.com/repos//actions/secrets/public-key type=owner
[debug] [2023-04-14T15:07:08.058Z] >>> [apiv2][query] GET https://api.github.com/repos//actions/secrets/public-key type=owner
[debug] [2023-04-14T15:07:08.086Z] >>> [apiv2][query] GET https://api.github.com/repos//actions/secrets/public-key type=owner
[debug] [2023-04-14T15:07:08.122Z] <<< [apiv2][status] GET https://api.github.com/repos//actions/secrets/public-key 401
[debug] [2023-04-14T15:07:08.122Z] <<< [apiv2][body] GET https://api.github.com/repos//actions/secrets/public-key {"message":"Bad credentials","documentation_url":"https://docs.github.com/rest"}
[debug] [2023-04-14T15:07:08.125Z] >>> [apiv2][query] GET https://api.github.com/repos//actions/secrets/public-key type=owner
[debug] [2023-04-14T15:07:08.149Z] >>> [apiv2][query] GET https://api.github.com/repos//actions/secrets/public-key type=owner
[debug] [2023-04-14T15:07:08.153Z] <<< [apiv2][status] GET https://api.github.com/repos//actions/secrets/public-key 401
[debug] [2023-04-14T15:07:08.153Z] <<< [apiv2][body] GET https://api.github.com/repos//actions/secrets/public-key {"message":"Bad credentials","documentation_url":"https://docs.github.com/rest"}
[debug] [2023-04-14T15:07:08.155Z] <<< [apiv2][status] GET https://api.github.com/repos//actions/secrets/public-key 401
[debug] [2023-04-14T15:07:08.155Z] <<< [apiv2][body] GET https://api.github.com/repos//actions/secrets/public-key {"message":"Bad credentials","documentation_url":"https://docs.github.com/rest"}
[debug] [2023-04-14T15:07:08.161Z] <<< [apiv2][status] GET https://api.github.com/repos//actions/secrets/public-key 401
[debug] [2023-04-14T15:07:08.162Z] <<< [apiv2][body] GET https://api.github.com/repos//actions/secrets/public-key {"message":"Bad credentials","documentation_url":"https://docs.github.com/rest"}
[debug] [2023-04-14T15:07:08.179Z] >>> [apiv2][query] GET https://api.github.com/repos//actions/secrets/public-key type=owner
[debug] [2023-04-14T15:07:08.188Z] <<< [apiv2][status] GET https://api.github.com/repos//actions/secrets/public-key 401
[debug] [2023-04-14T15:07:08.188Z] <<< [apiv2][body] GET https://api.github.com/repos//actions/secrets/public-key {"message":"Bad credentials","documentation_url":"https://docs.github.com/rest"}
[debug] [2023-04-14T15:07:08.194Z] <<< [apiv2][status] GET https://api.github.com/repos//actions/secrets/public-key 401
[debug] [2023-04-14T15:07:08.194Z] <<< [apiv2][body] GET https://api.github.com/repos//actions/secrets/public-key {"message":"Bad credentials","documentation_url":"https://docs.github.com/rest"}
[debug] [2023-04-14T15:07:08.211Z] >>> [apiv2][query] GET https://api.github.com/repos//actions/secrets/public-key type=owner
[debug] [2023-04-14T15:07:08.216Z] <<< [apiv2][status] GET https://api.github.com/repos//actions/secrets/public-key 401
[debug] [2023-04-14T15:07:08.216Z] <<< [apiv2][body] GET https://api.github.com/repos//actions/secrets/public-key {"message":"Bad credentials","documentation_url":"https://docs.github.com/rest"}
[debug] [2023-04-14T15:07:08.248Z] >>> [apiv2][query] GET https://api.github.com/repos//actions/secrets/public-key type=owner
[debug] [2023-04-14T15:07:08.270Z] >>> [apiv2][query] GET https://api.github.com/repos//actions/secrets/public-key type=owner
[debug] [2023-04-14T15:07:08.281Z] <<< [apiv2][status] GET https://api.github.com/repos//actions/secrets/public-key 401
[debug] [2023-04-14T15:07:08.281Z] <<< [apiv2][body] GET https://api.github.com/repos//actions/secrets/public-key {"message":"Bad credentials","documentation_url":"https://docs.github.com/rest"}
[debug] [2023-04-14T15:07:08.287Z] <<< [apiv2][status] GET https://api.github.com/repos//actions/secrets/public-key 401
[debug] [2023-04-14T15:07:08.287Z] <<< [apiv2][body] GET https://api.github.com/repos//actions/secrets/public-key {"message":"Bad credentials","documentation_url":"https://docs.github.com/rest"}
[debug] [2023-04-14T15:07:08.300Z] >>> [apiv2][query] GET https://api.github.com/repos//actions/secrets/public-key type=owner
[debug] [2023-04-14T15:07:08.336Z] >>> [apiv2][query] GET https://api.github.com/repos//actions/secrets/public-key type=owner
[debug] [2023-04-14T15:07:08.343Z] <<< [apiv2][status] GET https://api.github.com/repos//actions/secrets/public-key 401
[debug] [2023-04-14T15:07:08.343Z] <<< [apiv2][body] GET https://api.github.com/repos//actions/secrets/public-key {"message":"Bad credentials","documentation_url":"https://docs.github.com/rest"}
[debug] [2023-04-14T15:07:08.348Z] <<< [apiv2][status] GET https://api.github.com/repos//actions/secrets/public-key 401
[debug] [2023-04-14T15:07:08.348Z] <<< [apiv2][body] GET https://api.github.com/repos//actions/secrets/public-key {"message":"Bad credentials","documentation_url":"https://docs.github.com/rest"}
[debug] [2023-04-14T15:07:08.358Z] <<< [apiv2][status] GET https://api.github.com/repos//actions/secrets/public-key 401
[debug] [2023-04-14T15:07:08.358Z] <<< [apiv2][body] GET https://api.github.com/repos//actions/secrets/public-key {"message":"Bad credentials","documentation_url":"https://docs.github.com/rest"}
[debug] [2023-04-14T15:07:08.360Z] <<< [apiv2][status] GET https://api.github.com/repos//actions/secrets/public-key 401
[debug] [2023-04-14T15:07:08.361Z] <<< [apiv2][body] GET https://api.github.com/repos//actions/secrets/public-key {"message":"Bad credentials","documentation_url":"https://docs.github.com/rest"}
[debug] [2023-04-14T15:07:08.367Z] >>> [apiv2][query] GET https://api.github.com/repos//actions/secrets/public-key type=owner
[debug] [2023-04-14T15:07:08.369Z] <<< [apiv2][status] GET https://api.github.com/repos//actions/secrets/public-key 401
[debug] [2023-04-14T15:07:08.369Z] <<< [apiv2][body] GET https://api.github.com/repos//actions/secrets/public-key {"message":"Bad credentials","documentation_url":"https://docs.github.com/rest"}
[debug] [2023-04-14T15:07:08.397Z] >>> [apiv2][query] GET https://api.github.com/repos//actions/secrets/public-key type=owner
[debug] [2023-04-14T15:07:08.408Z] <<< [apiv2][status] GET https://api.github.com/repos//actions/secrets/public-key 401
[debug] [2023-04-14T15:07:08.409Z] <<< [apiv2][body] GET https://api.github.com/repos//actions/secrets/public-key {"message":"Bad credentials","documentation_url":"https://docs.github.com/rest"}
[debug] [2023-04-14T15:07:08.426Z] <<< [apiv2][status] GET https://api.github.com/repos//actions/secrets/public-key 401
[debug] [2023-04-14T15:07:08.427Z] <<< [apiv2][body] GET https://api.github.com/repos//actions/secrets/public-key {"message":"Bad credentials","documentation_url":"https://docs.github.com/rest"}
[debug] [2023-04-14T15:07:08.437Z] >>> [apiv2][query] GET https://api.github.com/repos//actions/secrets/public-key type=owner
[debug] [2023-04-14T15:07:08.460Z] >>> [apiv2][query] GET https://api.github.com/repos//actions/secrets/public-key type=owner
[debug] [2023-04-14T15:07:08.464Z] <<< [apiv2][status] GET https://api.github.com/repos//actions/secrets/public-key 401
[debug] [2023-04-14T15:07:08.464Z] <<< [apiv2][body] GET https://api.github.com/repos//actions/secrets/public-key {"message":"Bad credentials","documentation_url":"https://docs.github.com/rest"}
[debug] [2023-04-14T15:07:08.487Z] >>> [apiv2][query] GET https://api.github.com/repos//actions/secrets/public-key type=owner
[debug] [2023-04-14T15:07:08.535Z] <<< [apiv2][status] GET https://api.github.com/repos//actions/secrets/public-key 401
[debug] [2023-04-14T15:07:08.535Z] <<< [apiv2][body] GET https://api.github.com/repos//actions/secrets/public-key {"message":"Bad credentials","documentation_url":"https://docs.github.com/rest"}
[debug] [2023-04-14T15:07:08.610Z] >>> [apiv2][query] GET https://api.github.com/repos//actions/secrets/public-key type=owner
[debug] [2023-04-14T15:07:08.613Z] >>> [apiv2][query] GET https://api.github.com/repos//actions/secrets/public-key type=owner
[debug] [2023-04-14T15:07:08.617Z] >>> [apiv2][query] GET https://api.github.com/repos//actions/secrets/public-key type=owner
[debug] [2023-04-14T15:07:08.623Z] <<< [apiv2][status] GET https://api.github.com/repos//actions/secrets/public-key 401
[debug] [2023-04-14T15:07:08.623Z] <<< [apiv2][body] GET https://api.github.com/repos//actions/secrets/public-key {"message":"Bad credentials","documentation_url":"https://docs.github.com/rest"}
[debug] [2023-04-14T15:07:08.650Z] <<< [apiv2][status] GET https://api.github.com/repos//actions/secrets/public-key 401
[debug] [2023-04-14T15:07:08.650Z] <<< [apiv2][body] GET https://api.github.com/repos//actions/secrets/public-key {"message":"Bad credentials","documentation_url":"https://docs.github.com/rest"}
[debug] [2023-04-14T15:07:08.666Z] <<< [apiv2][status] GET https://api.github.com/repos//actions/secrets/public-key 401
[debug] [2023-04-14T15:07:08.666Z] <<< [apiv2][body] GET https://api.github.com/repos//actions/secrets/public-key {"message":"Bad credentials","documentation_url":"https://docs.github.com/rest"}
[debug] [2023-04-14T15:07:08.668Z] >>> [apiv2][query] GET https://api.github.com/repos//actions/secrets/public-key type=owner
[debug] [2023-04-14T15:07:08.675Z] >>> [apiv2][query] GET https://api.github.com/repos//actions/secrets/public-key type=owner
[debug] [2023-04-14T15:07:08.686Z] <<< [apiv2][status] GET https://api.github.com/repos//actions/secrets/public-key 401
[debug] [2023-04-14T15:07:08.686Z] <<< [apiv2][body] GET https://api.github.com/repos//actions/secrets/public-key {"message":"Bad credentials","documentation_url":"https://docs.github.com/rest"}
[debug] [2023-04-14T15:07:08.702Z] <<< [apiv2][status] GET https://api.github.com/repos/bird/actions/secrets/public-key 401
[debug] [2023-04-14T15:07:08.702Z] <<< [apiv2][body] GET https://api.github.com/repos/bird/actions/secrets/public-key {"message":"Bad credentials","documentation_url":"https://docs.github.com/rest"}
[debug] [2023-04-14T15:07:08.704Z] >>> [apiv2][query] GET https://api.github.com/repos/bird/actions/secrets/public-key type=owner
[debug] [2023-04-14T15:07:08.709Z] >>> [apiv2][query] GET https://api.github.com/repos//actions/secrets/public-key type=owner
[debug] [2023-04-14T15:07:08.721Z] <<< [apiv2][status] GET https://api.github.com/repos//actions/secrets/public-key 401
[debug] [2023-04-14T15:07:08.721Z] <<< [apiv2][body] GET https://api.github.com/repos//actions/secrets/public-key {"message":"Bad credentials","documentation_url":"https://docs.github.com/rest"}
[debug] [2023-04-14T15:07:08.732Z] >>> [apiv2][query] GET https://api.github.com/repos//actions/secrets/public-key type=owner
[debug] [2023-04-14T15:07:08.736Z] <<< [apiv2][status] GET https://api.github.com/repos//actions/secrets/public-key 401
[debug] [2023-04-14T15:07:08.736Z] <<< [apiv2][body] GET https://api.github.com/repos//actions/secrets/public-key {"message":"Bad credentials","documentation_url":"https://docs.github.com/rest"}
[debug] [2023-04-14T15:07:08.747Z] <<< [apiv2][status] GET https://api.github.com/repos//actions/secrets/public-key 401
[debug] [2023-04-14T15:07:08.747Z] <<< [apiv2][body] GET https://api.github.com/repos//actions/secrets/public-key {"message":"Bad credentials","documentation_url":"https://docs.github.com/rest"}
[debug] [2023-04-14T15:07:08.762Z] >>> [apiv2][query] GET https://api.github.com/repos//actions/secrets/public-key type=owner
[debug] [2023-04-14T15:07:08.792Z] <<< [apiv2][status] GET https://api.github.com/repos//actions/secrets/public-key 401
[debug] [2023-04-14T15:07:08.792Z] <<< [apiv2][body] GET https://api.github.com/repos//actions/secrets/public-key {"message":"Bad credentials","documentation_url":"https://docs.github.com/rest"}
[debug] [2023-04-14T15:07:08.796Z] <<< [apiv2][status] GET https://api.github.com/repos//actions/secrets/public-key 401
[debug] [2023-04-14T15:07:08.796Z] <<< [apiv2][body] GET https://api.github.com/repos//actions/secrets/public-key {"message":"Bad credentials","documentation_url":"https://docs.github.com/rest"}
[debug] [2023-04-14T15:07:08.798Z] >>> [apiv2][query] GET https://api.github.com/repos//actions/secrets/public-key type=owner
[debug] [2023-04-14T15:07:08.834Z] >>> [apiv2][query] GET https://api.github.com/repos//actions/secrets/public-key type=owner
[debug] [2023-04-14T15:07:08.841Z] <<< [apiv2][status] GET https://api.github.com/repos//actions/secrets/public-key 401
[debug] [2023-04-14T15:07:08.841Z] <<< [apiv2][body] GET https://api.github.com/repos//actions/secrets/public-key {"message":"Bad credentials","documentation_url":"https://docs.github.com/rest"}
[debug] [2023-04-14T15:07:09.694Z] >>> [apiv2][query] GET https://api.github.com/repos//actions/secrets/public-key type=owner
[debug] [2023-04-14T15:07:09.699Z] >>> [apiv2][query] GET https://api.github.com/repos//actions/secrets/public-key type=owner
[debug] [2023-04-14T15:07:09.702Z] >>> [apiv2][query] GET https://api.github.com/repos//actions/secrets/public-key type=owner
[debug] [2023-04-14T15:07:09.707Z] <<< [apiv2][status] GET https://api.github.com/repos//actions/secrets/public-key 401
[debug] [2023-04-14T15:07:09.708Z] <<< [apiv2][body] GET https://api.github.com/repos//actions/secrets/public-key {"message":"Bad credentials","documentation_url":"https://docs.github.com/rest"}
[debug] [2023-04-14T15:07:09.715Z] <<< [apiv2][status] GET https://api.github.com/repos//actions/secrets/public-key 401
[debug] [2023-04-14T15:07:09.715Z] <<< [apiv2][body] GET https://api.github.com/repos//actions/secrets/public-key {"message":"Bad credentials","documentation_url":"https://docs.github.com/rest"}
[debug] [2023-04-14T15:07:09.728Z] <<< [apiv2][status] GET https://api.github.com/repos//actions/secrets/public-key 401
[debug] [2023-04-14T15:07:09.728Z] <<< [apiv2][body] GET https://api.github.com/repos//actions/secrets/public-key {"message":"Bad credentials","documentation_url":"https://docs.github.com/rest"}
[debug] [2023-04-14T15:07:09.730Z] <<< [apiv2][status] GET https://api.github.com/repos//actions/secrets/public-key 401
[debug] [2023-04-14T15:07:09.730Z] <<< [apiv2][body] GET https://api.github.com/repos//actions/secrets/public-key {"message":"Bad credentials","documentation_url":"https://docs.github.com/rest"}
[debug] [2023-04-14T15:07:09.733Z] <<< [apiv2][status] GET https://api.github.com/repos//actions/secrets/public-key 401
[debug] [2023-04-14T15:07:09.733Z] <<< [apiv2][body] GET https://api.github.com/repos//actions/secrets/public-key {"message":"Bad credentials","documentation_url":"https://docs.github.com/rest"}
[debug] [2023-04-14T15:07:09.742Z] <<< [apiv2][status] GET https://api.github.com/repos//actions/secrets/public-key 401
[debug] [2023-04-14T15:07:09.742Z] <<< [apiv2][body] GET https://api.github.com/repos//actions/secrets/public-key {"message":"Bad credentials","documentation_url":"https://docs.github.com/rest"}
[debug] [2023-04-14T15:07:09.759Z] <<< [apiv2][status] GET https://api.github.com/repos//actions/secrets/public-key 401
[debug] [2023-04-14T15:07:09.759Z] <<< [apiv2][body] GET https://api.github.com/repos//actions/secrets/public-key {"message":"Bad credentials","documentation_url":"https://docs.github.com/rest"}
[debug] [2023-04-14T15:07:09.981Z] <<< [apiv2][status] GET https://api.github.com/repos//actions/secrets/public-key 401
[debug] [2023-04-14T15:07:09.982Z] <<< [apiv2][body] GET https://api.github.com/repos//actions/secrets/public-key {"message":"Bad credentials","documentation_url":"https://docs.github.com/rest"}
[debug] [2023-04-14T15:07:10.002Z] <<< [apiv2][status] GET https://api.github.com/repos//actions/secrets/public-key 401
[debug] [2023-04-14T15:07:10.002Z] <<< [apiv2][body] GET https://api.github.com/repos//actions/secrets/public-key {"message":"Bad credentials","documentation_url":"https://docs.github.com/rest"}
[debug] [2023-04-14T15:07:10.015Z] <<< [apiv2][status] GET https://api.github.com/repos//actions/secrets/public-key 401
[debug] [2023-04-14T15:07:10.015Z] <<< [apiv2][body] GET https://api.github.com/repos//actions/secrets/public-key {"message":"Bad credentials","documentation_url":"https://docs.github.com/rest"}
[debug] [2023-04-14T15:07:10.023Z] <<< [apiv2][status] GET https://api.github.com/repos//actions/secrets/public-key 401
[debug] [2023-04-14T15:07:10.023Z] <<< [apiv2][body] GET https://api.github.com/repos//actions/secrets/public-key {"message":"Bad credentials","documentation_url":"https://docs.github.com/rest"}
[debug] [2023-04-14T15:07:10.029Z] <<< [apiv2][status] GET https://api.github.com/repos//actions/secrets/public-key 401
[debug] [2023-04-14T15:07:10.029Z] <<< [apiv2][body] GET https://api.github.com/repos//actions/secrets/public-key {"message":"Bad credentials","documentation_url":"https://docs.github.com/rest"}
[debug] [2023-04-14T15:07:10.041Z] <<< [apiv2][status] GET https://api.github.com/repos//actions/secrets/public-key 401
[debug] [2023-04-14T15:07:10.041Z] <<< [apiv2][body] GET https://api.github.com/repos//actions/secrets/public-key {"message":"Bad credentials","documentation_url":"https://docs.github.com/rest"}
[debug] [2023-04-14T15:07:10.044Z] <<< [apiv2][status] GET https://api.github.com/repos//actions/secrets/public-key 401
[debug] [2023-04-14T15:07:10.044Z] <<< [apiv2][body] GET https://api.github.com/repos//actions/secrets/public-key {"message":"Bad credentials","documentation_url":"https://docs.github.com/rest"}
[debug] [2023-04-14T15:07:10.220Z] <<< [apiv2][status] GET https://api.github.com/repos/bird/actions/secrets/public-key 401
[debug] [2023-04-14T15:07:10.220Z] <<< [apiv2][body] GET https://api.github.com/repos/bird/actions/secrets/public-key {"message":"Bad credentials","documentation_url":"https://docs.github.com/rest"}
[debug] [2023-04-14T15:07:10.223Z] <<< [apiv2][status] GET https://api.github.com/repos//actions/secrets/public-key 401
[debug] [2023-04-14T15:07:10.223Z] <<< [apiv2][body] GET https://api.github.com/repos//actions/secrets/public-key {"message":"Bad credentials","documentation_url":"https://docs.github.com/rest"}
[debug] [2023-04-14T15:07:10.226Z] <<< [apiv2][status] GET https://api.github.com/repos//actions/secrets/public-key 401
[debug] [2023-04-14T15:07:10.226Z] <<< [apiv2][body] GET https://api.github.com/repos//actions/secrets/public-key {"message":"Bad credentials","documentation_url":"https://docs.github.com/rest"}
[debug] [2023-04-14T15:07:10.230Z] <<< [apiv2][status] GET https://api.github.com/repos//actions/secrets/public-key 401
[debug] [2023-04-14T15:07:10.230Z] <<< [apiv2][body] GET https://api.github.com/repos//actions/secrets/public-key {"message":"Bad credentials","documentation_url":"https://docs.github.com/rest"}
[debug] [2023-04-14T15:07:10.233Z] <<< [apiv2][status] GET https://api.github.com/repos//actions/secrets/public-key 401
[debug] [2023-04-14T15:07:10.233Z] <<< [apiv2][body] GET https://api.github.com/repos//actions/secrets/public-key {"message":"Bad credentials","documentation_url":"https://docs.github.com/rest"}
[debug] [2023-04-14T15:07:10.236Z] <<< [apiv2][status] GET https://api.github.com/repos//actions/secrets/public-key 401
[debug] [2023-04-14T15:07:10.237Z] <<< [apiv2][body] GET https://api.github.com/repos//actions/secrets/public-key {"message":"Bad credentials","documentation_url":"https://docs.github.com/rest"}
[debug] [2023-04-14T15:07:10.239Z] <<< [apiv2][status] GET https://api.github.com/repos//actions/secrets/public-key 401
[debug] [2023-04-14T15:07:10.240Z] <<< [apiv2][body] GET https://api.github.com/repos//actions/secrets/public-key {"message":"Bad credentials","documentation_url":"https://docs.github.com/rest"}
[debug] [2023-04-14T15:07:10.243Z] <<< [apiv2][status] GET https://api.github.com/repos//actions/secrets/public-key 401
[debug] [2023-04-14T15:07:10.243Z] <<< [apiv2][body] GET https://api.github.com/repos//actions/secrets/public-key {"message":"Bad credentials","documentation_url":"https://docs.github.com/rest"}
[debug] [2023-04-14T15:07:10.421Z] <<< [apiv2][status] GET https://api.github.com/repos//actions/secrets/public-key 401
[debug] [2023-04-14T15:07:10.422Z] <<< [apiv2][body] GET https://api.github.com/repos//actions/secrets/public-key {"message":"Bad credentials","documentation_url":"https://docs.github.com/rest"}
[debug] [2023-04-14T15:07:10.500Z] <<< [apiv2][status] GET https://api.github.com/repos//actions/secrets/public-key 401
[debug] [2023-04-14T15:07:10.500Z] <<< [apiv2][body] GET https://api.github.com/repos//actions/secrets/public-key {"message":"Bad credentials","documentation_url":"https://docs.github.com/rest"}
[debug] [2023-04-14T15:07:10.510Z] <<< [apiv2][status] GET https://api.github.com/repos//actions/secrets/public-key 401
[debug] [2023-04-14T15:07:10.510Z] <<< [apiv2][body] GET https://api.github.com/repos//actions/secrets/public-key {"message":"Bad credentials","documentation_url":"https://docs.github.com/rest"}
[debug] [2023-04-14T15:07:50.308Z] >>> [apiv2][query] GET https://api.github.com/repos/ShaDow0619/bird/actions/secrets/public-key type=owner
[debug] [2023-04-14T15:07:50.971Z] <<< [apiv2][status] GET https://api.github.com/repos/ShaDow0619/bird/actions/secrets/public-key 401
[debug] [2023-04-14T15:07:50.971Z] <<< [apiv2][body] GET https://api.github.com/repos/ShaDow0619/bird/actions/secrets/public-key {"message":"Bad credentials","documentation_url":"https://docs.github.com/rest"}
